<?xml version="1.0" encoding="UTF-8"?>
<!-- Generated by org.testng.reporters.JUnitReportReporter -->
<testsuite hostname="DESKTOP-AI3DK3O" failures="0" tests="5" name="testcase.TestCase" time="36.166" errors="0" timestamp="2023-02-07T15:40:13 IST" skipped="0">
  <testcase classname="testcase.TestCase" name="Dresources" time="17.388"/>
  <system-out/>
  <testcase classname="testcase.TestCase" name="Ctestbutton" time="5.493"/>
  <system-out/>
  <testcase classname="testcase.TestCase" name="Environmentvaribale" time="6.456"/>
  <system-out/>
  <testcase classname="testcase.TestCase" name="Btestloginpage" time="0.816"/>
  <system-out/>
  <testcase classname="testcase.TestCase" name="termsandcondition" time="6.013"/>
  <system-out/>
</testsuite> <!-- testcase.TestCase -->
